<?xml version="1.0" encoding="UTF-8"?>
<testng-results skipped="0" failed="0" total="1" passed="1">
  <reporter-output>
    <line>
      <![CDATA[org.openqa.selenium.NoSuchElementException: Unable to locate element: {"method":"xpath","selector":"(//a[contains(text(),\"Выход\")])[2]"}
Command duration or timeout: 30.05 seconds
For documentation on this error, please visit: http://seleniumhq.org/exceptions/no_such_element.html
Build info: version: '2.49.1', revision: 'b41a073', time: '2016-01-21 17:32:24'
System info: host: 'Nastia-PC', ip: '192.168.214.1', os.name: 'Windows 7', os.arch: 'amd64', os.version: '6.1', java.version: '1.8.0_20'
Driver info: org.openqa.selenium.firefox.FirefoxDriver
Capabilities [{applicationCacheEnabled=true, rotatable=false, handlesAlerts=true, databaseEnabled=true, version=41.0, platform=WINDOWS, nativeEvents=false, acceptSslCerts=true, webStorageEnabled=true, locationContextEnabled=true, browserName=firefox, takesScreenshot=true, javascriptEnabled=true, cssSelectorsEnabled=true}]
Session ID: 0453ffe8-f6e1-41e9-8edc-b7e2218fdd86
*** Element info: {Using=xpath, value=(//a[contains(text(),"Выход")])[2]}]]>
    </line>
  </reporter-output>
  <suite name="Default suite" duration-ms="140212" started-at="2016-08-25T12:19:02Z" finished-at="2016-08-25T12:21:22Z">
    <groups>
    </groups>
    <test name="Default test" duration-ms="140212" started-at="2016-08-25T12:19:02Z" finished-at="2016-08-25T12:21:22Z">
      <class name="src.Project">
        <test-method status="PASS" signature="setUp()[pri:0, instance:src.Project@2812cbfa]" name="setUp" is-config="true" duration-ms="17532" started-at="2016-08-25T15:19:02Z" finished-at="2016-08-25T15:19:19Z">
          <reporter-output>
          </reporter-output>
        </test-method> <!-- setUp -->
        <test-method status="PASS" signature="beforeTest()[pri:0, instance:src.Project@2812cbfa]" name="beforeTest" is-config="true" duration-ms="6480" started-at="2016-08-25T15:19:19Z" finished-at="2016-08-25T15:19:26Z">
          <reporter-output>
          </reporter-output>
        </test-method> <!-- beforeTest -->
        <test-method status="PASS" signature="testMail()[pri:0, instance:src.Project@2812cbfa]" name="testMail" duration-ms="33144" started-at="2016-08-25T15:19:26Z" finished-at="2016-08-25T15:19:59Z">
          <reporter-output>
          </reporter-output>
        </test-method> <!-- testMail -->
        <test-method status="PASS" signature="afterTest()[pri:0, instance:src.Project@2812cbfa]" name="afterTest" is-config="true" duration-ms="80672" started-at="2016-08-25T15:19:59Z" finished-at="2016-08-25T15:21:20Z">
          <reporter-output>
            <line>
              <![CDATA[org.openqa.selenium.NoSuchElementException: Unable to locate element: {"method":"xpath","selector":"(//a[contains(text(),\"Выход\")])[2]"}
Command duration or timeout: 30.05 seconds
For documentation on this error, please visit: http://seleniumhq.org/exceptions/no_such_element.html
Build info: version: '2.49.1', revision: 'b41a073', time: '2016-01-21 17:32:24'
System info: host: 'Nastia-PC', ip: '192.168.214.1', os.name: 'Windows 7', os.arch: 'amd64', os.version: '6.1', java.version: '1.8.0_20'
Driver info: org.openqa.selenium.firefox.FirefoxDriver
Capabilities [{applicationCacheEnabled=true, rotatable=false, handlesAlerts=true, databaseEnabled=true, version=41.0, platform=WINDOWS, nativeEvents=false, acceptSslCerts=true, webStorageEnabled=true, locationContextEnabled=true, browserName=firefox, takesScreenshot=true, javascriptEnabled=true, cssSelectorsEnabled=true}]
Session ID: 0453ffe8-f6e1-41e9-8edc-b7e2218fdd86
*** Element info: {Using=xpath, value=(//a[contains(text(),"Выход")])[2]}]]>
            </line>
          </reporter-output>
        </test-method> <!-- afterTest -->
        <test-method status="PASS" signature="tearDown()[pri:0, instance:src.Project@2812cbfa]" name="tearDown" is-config="true" duration-ms="2352" started-at="2016-08-25T15:21:20Z" finished-at="2016-08-25T15:21:22Z">
          <reporter-output>
          </reporter-output>
        </test-method> <!-- tearDown -->
      </class> <!-- src.Project -->
    </test> <!-- Default test -->
  </suite> <!-- Default suite -->
</testng-results>
